<?xml version="1.0" encoding="UTF-8"?>
<!-- Generated by org.testng.reporters.JUnitReportReporter -->
<testsuite hostname="DESKTOP-99N73JI" failures="0" tests="1" name="tc.tc_storehomepage" time="11.922" errors="0" timestamp="2021-01-31T15:43:23 IST" skipped="0">
  <testcase classname="tc.tc_storehomepage" name="s1test" time="11.922"/>
  <system-out/>
</testsuite> <!-- tc.tc_storehomepage -->
